<?xml version="1.0" encoding="UTF-8"?>
<testng-results ignored="0" total="19" passed="16" failed="3" skipped="0">
  <reporter-output>
  </reporter-output>
  <suite started-at="2024-06-16T17:33:41 IST" name="Suite" finished-at="2024-06-16T17:40:20 IST" duration-ms="399777">
    <groups>
    </groups>
    <test started-at="2024-06-16T17:33:41 IST" name="Test" finished-at="2024-06-16T17:40:20 IST" duration-ms="399777">
      <class name="tests.RemoveCartTest">
        <test-method signature="RemoveCart()[pri:0, instance:tests.RemoveCartTest@143d9a93]" started-at="2024-06-16T17:35:25 IST" name="RemoveCart" finished-at="2024-06-16T17:37:16 IST" duration-ms="110994" status="PASS">
          <reporter-output>
          </reporter-output>
        </test-method> <!-- RemoveCart -->
        <test-method is-config="true" signature="teardown()[pri:0, instance:tests.RemoveCartTest@143d9a93]" started-at="2024-06-16T17:37:16 IST" name="teardown" finished-at="2024-06-16T17:37:16 IST" duration-ms="0" status="PASS">
          <reporter-output>
          </reporter-output>
        </test-method> <!-- teardown -->
      </class> <!-- tests.RemoveCartTest -->
      <class name="tests.LandingPageTest">
        <test-method signature="LandingPage()[pri:0, instance:tests.LandingPageTest@213deac2]" started-at="2024-06-16T17:34:51 IST" name="LandingPage" finished-at="2024-06-16T17:35:02 IST" duration-ms="10641" status="PASS">
          <reporter-output>
          </reporter-output>
        </test-method> <!-- LandingPage -->
        <test-method is-config="true" signature="teardown()[pri:0, instance:tests.LandingPageTest@213deac2]" started-at="2024-06-16T17:35:02 IST" name="teardown" finished-at="2024-06-16T17:35:33 IST" duration-ms="31030" status="PASS">
          <reporter-output>
          </reporter-output>
        </test-method> <!-- teardown -->
      </class> <!-- tests.LandingPageTest -->
      <class name="tests.SignUpTest">
        <test-method signature="signup()[pri:0, instance:tests.SignUpTest@4a183d02]" started-at="2024-06-16T17:34:36 IST" name="signup" finished-at="2024-06-16T17:35:34 IST" duration-ms="57878" status="PASS">
          <reporter-output>
          </reporter-output>
        </test-method> <!-- signup -->
        <test-method is-config="true" signature="teardown()[pri:0, instance:tests.SignUpTest@4a183d02]" started-at="2024-06-16T17:35:34 IST" name="teardown" finished-at="2024-06-16T17:35:34 IST" duration-ms="0" status="PASS">
          <reporter-output>
          </reporter-output>
        </test-method> <!-- teardown -->
      </class> <!-- tests.SignUpTest -->
      <class name="tests.CareerTest">
        <test-method signature="career()[pri:0, instance:tests.CareerTest@49096b06]" started-at="2024-06-16T17:34:34 IST" name="career" finished-at="2024-06-16T17:35:35 IST" duration-ms="61217" status="FAIL">
          <exception class="org.openqa.selenium.TimeoutException">
            <message>
              <![CDATA[Expected condition failed: waiting for visibility of Proxy element for: DefaultElementLocator 'By.xpath: //a[@id='candidate-login-before']' (tried for 30 second(s) with 500 milliseconds interval)]]>
            </message>
            <full-stacktrace>
              <![CDATA[org.openqa.selenium.TimeoutException: Expected condition failed: waiting for visibility of Proxy element for: DefaultElementLocator 'By.xpath: //a[@id='candidate-login-before']' (tried for 30 second(s) with 500 milliseconds interval)
at org.openqa.selenium.support.ui.WebDriverWait.timeoutException(WebDriverWait.java:84)
at org.openqa.selenium.support.ui.FluentWait.until(FluentWait.java:228)
at tests.CareerTest.career(CareerTest.java:45)
at java.base/jdk.internal.reflect.NativeMethodAccessorImpl.invoke0(Native Method)
at java.base/jdk.internal.reflect.NativeMethodAccessorImpl.invoke(NativeMethodAccessorImpl.java:62)
at java.base/jdk.internal.reflect.DelegatingMethodAccessorImpl.invoke(DelegatingMethodAccessorImpl.java:43)
at java.base/java.lang.reflect.Method.invoke(Method.java:566)
at org.testng.internal.invokers.MethodInvocationHelper.invokeMethod(MethodInvocationHelper.java:141)
at org.testng.internal.invokers.TestInvoker.invokeMethod(TestInvoker.java:686)
at org.testng.internal.invokers.TestInvoker.invokeTestMethod(TestInvoker.java:230)
at org.testng.internal.invokers.MethodRunner.runInSequence(MethodRunner.java:63)
at org.testng.internal.invokers.TestInvoker$MethodInvocationAgent.invoke(TestInvoker.java:992)
at org.testng.internal.invokers.TestInvoker.invokeTestMethods(TestInvoker.java:203)
at org.testng.internal.invokers.TestMethodWorker.invokeTestMethods(TestMethodWorker.java:154)
at org.testng.internal.invokers.TestMethodWorker.run(TestMethodWorker.java:134)
at java.base/java.util.concurrent.Executors$RunnableAdapter.call(Executors.java:515)
at java.base/java.util.concurrent.FutureTask.run(FutureTask.java:264)
at org.testng.internal.thread.graph.TestNGFutureTask.run(TestNGFutureTask.java:22)
at java.base/java.util.concurrent.ThreadPoolExecutor.runWorker(ThreadPoolExecutor.java:1128)
at java.base/java.util.concurrent.ThreadPoolExecutor$Worker.run(ThreadPoolExecutor.java:628)
at java.base/java.lang.Thread.run(Thread.java:834)
Caused by: org.openqa.selenium.NoSuchElementException: no such element: Unable to locate element: {"method":"xpath","selector":"//a[@id='candidate-login-before']"}
  (Session info: chrome-headless-shell=126.0.6478.62)
For documentation on this error, please visit: https://www.selenium.dev/documentation/webdriver/troubleshooting/errors#no-such-element-exception
Build info: version: '4.18.1', revision: 'b1d3319b48'
System info: os.name: 'Windows 10', os.arch: 'amd64', os.version: '10.0', java.version: '11.0.1'
Driver info: org.openqa.selenium.chrome.ChromeDriver
Command: [51e92382c678db2335304c15dfcbc7ce, findElement {using=xpath, value=//a[@id='candidate-login-before']}]
Capabilities {acceptInsecureCerts: false, browserName: chrome-headless-shell, browserVersion: 126.0.6478.62, chrome: {chromedriverVersion: 126.0.6478.61 (8dc092df54ce..., userDataDir: C:\Users\ISHITA~1\AppData\L...}, fedcm:accounts: true, goog:chromeOptions: {debuggerAddress: localhost:51324}, networkConnectionEnabled: false, pageLoadStrategy: normal, platformName: windows, proxy: Proxy(), se:cdp: ws://localhost:51324/devtoo..., se:cdpVersion: 126.0.6478.62, setWindowRect: true, strictFileInteractability: false, timeouts: {implicit: 0, pageLoad: 300000, script: 30000}, unhandledPromptBehavior: dismiss and notify, webauthn:extension:credBlob: true, webauthn:extension:largeBlob: true, webauthn:extension:minPinLength: true, webauthn:extension:prf: true, webauthn:virtualAuthenticators: true}
Session ID: 51e92382c678db2335304c15dfcbc7ce
at java.base/jdk.internal.reflect.NativeConstructorAccessorImpl.newInstance0(Native Method)
at java.base/jdk.internal.reflect.NativeConstructorAccessorImpl.newInstance(NativeConstructorAccessorImpl.java:62)
at java.base/jdk.internal.reflect.DelegatingConstructorAccessorImpl.newInstance(DelegatingConstructorAccessorImpl.java:45)
at java.base/java.lang.reflect.Constructor.newInstance(Constructor.java:490)
at org.openqa.selenium.remote.ErrorCodec.decode(ErrorCodec.java:167)
at org.openqa.selenium.remote.codec.w3c.W3CHttpResponseCodec.decode(W3CHttpResponseCodec.java:138)
at org.openqa.selenium.remote.codec.w3c.W3CHttpResponseCodec.decode(W3CHttpResponseCodec.java:50)
at org.openqa.selenium.remote.HttpCommandExecutor.execute(HttpCommandExecutor.java:190)
at org.openqa.selenium.remote.service.DriverCommandExecutor.invokeExecute(DriverCommandExecutor.java:216)
at org.openqa.selenium.remote.service.DriverCommandExecutor.execute(DriverCommandExecutor.java:174)
at org.openqa.selenium.remote.RemoteWebDriver.execute(RemoteWebDriver.java:519)
at org.openqa.selenium.remote.ElementLocation$ElementFinder$2.findElement(ElementLocation.java:165)
at org.openqa.selenium.remote.ElementLocation.findElement(ElementLocation.java:59)
at org.openqa.selenium.remote.RemoteWebDriver.findElement(RemoteWebDriver.java:356)
at org.openqa.selenium.remote.RemoteWebDriver.findElement(RemoteWebDriver.java:350)
at org.openqa.selenium.support.pagefactory.DefaultElementLocator.findElement(DefaultElementLocator.java:68)
at org.openqa.selenium.support.pagefactory.internal.LocatingElementHandler.invoke(LocatingElementHandler.java:38)
at com.sun.proxy.$Proxy25.isDisplayed(Unknown Source)
at org.openqa.selenium.support.ui.ExpectedConditions.elementIfVisible(ExpectedConditions.java:304)
at org.openqa.selenium.support.ui.ExpectedConditions$10.apply(ExpectedConditions.java:290)
at org.openqa.selenium.support.ui.ExpectedConditions$10.apply(ExpectedConditions.java:287)
at org.openqa.selenium.support.ui.FluentWait.until(FluentWait.java:203)
... 19 more
]]>
            </full-stacktrace>
          </exception> <!-- org.openqa.selenium.TimeoutException -->
          <reporter-output>
          </reporter-output>
        </test-method> <!-- career -->
        <test-method is-config="true" signature="teardown()[pri:0, instance:tests.CareerTest@49096b06]" started-at="2024-06-16T17:35:35 IST" name="teardown" finished-at="2024-06-16T17:35:44 IST" duration-ms="8880" status="PASS">
          <reporter-output>
          </reporter-output>
        </test-method> <!-- teardown -->
      </class> <!-- tests.CareerTest -->
      <class name="tests.TermsOfUse">
        <test-method signature="About()[pri:0, instance:tests.TermsOfUse@3044e9c7]" started-at="2024-06-16T17:34:20 IST" name="About" finished-at="2024-06-16T17:34:34 IST" duration-ms="14008" status="PASS">
          <reporter-output>
          </reporter-output>
        </test-method> <!-- About -->
        <test-method is-config="true" signature="teardown()[pri:0, instance:tests.TermsOfUse@3044e9c7]" started-at="2024-06-16T17:34:34 IST" name="teardown" finished-at="2024-06-16T17:34:37 IST" duration-ms="2721" status="PASS">
          <reporter-output>
          </reporter-output>
        </test-method> <!-- teardown -->
      </class> <!-- tests.TermsOfUse -->
      <class name="tests.ProdDetailsTest">
        <test-method signature="ProductDetails()[pri:0, instance:tests.ProdDetailsTest@40226788]" started-at="2024-06-16T17:35:33 IST" name="ProductDetails" finished-at="2024-06-16T17:36:50 IST" duration-ms="77126" status="PASS">
          <reporter-output>
          </reporter-output>
        </test-method> <!-- ProductDetails -->
        <test-method is-config="true" signature="teardown()[pri:0, instance:tests.ProdDetailsTest@40226788]" started-at="2024-06-16T17:36:50 IST" name="teardown" finished-at="2024-06-16T17:36:50 IST" duration-ms="2" status="PASS">
          <reporter-output>
          </reporter-output>
        </test-method> <!-- teardown -->
      </class> <!-- tests.ProdDetailsTest -->
      <class name="tests.SaveForLaterTest">
        <test-method signature="SaveCart()[pri:0, instance:tests.SaveForLaterTest@5b5caf08]" started-at="2024-06-16T17:35:44 IST" name="SaveCart" finished-at="2024-06-16T17:38:55 IST" duration-ms="190722" status="PASS">
          <reporter-output>
          </reporter-output>
        </test-method> <!-- SaveCart -->
        <test-method is-config="true" signature="teardown()[pri:0, instance:tests.SaveForLaterTest@5b5caf08]" started-at="2024-06-16T17:38:55 IST" name="teardown" finished-at="2024-06-16T17:38:55 IST" duration-ms="1" status="PASS">
          <reporter-output>
          </reporter-output>
        </test-method> <!-- teardown -->
      </class> <!-- tests.SaveForLaterTest -->
      <class name="tests.SearchTest">
        <test-method signature="Search()[pri:0, instance:tests.SearchTest@4159e81b]" started-at="2024-06-16T17:35:34 IST" name="Search" finished-at="2024-06-16T17:40:20 IST" duration-ms="286469" status="PASS">
          <reporter-output>
          </reporter-output>
        </test-method> <!-- Search -->
        <test-method is-config="true" signature="teardown()[pri:0, instance:tests.SearchTest@4159e81b]" started-at="2024-06-16T17:40:20 IST" name="teardown" finished-at="2024-06-16T17:40:20 IST" duration-ms="0" status="PASS">
          <reporter-output>
          </reporter-output>
        </test-method> <!-- teardown -->
      </class> <!-- tests.SearchTest -->
      <class name="tests.BecomeASellerTest">
        <test-method signature="seller()[pri:0, instance:tests.BecomeASellerTest@5d05ef57]" started-at="2024-06-16T17:34:37 IST" name="seller" finished-at="2024-06-16T17:34:47 IST" duration-ms="10414" status="FAIL">
          <exception class="org.openqa.selenium.StaleElementReferenceException">
            <message>
              <![CDATA[stale element reference: stale element not found in the current frame
  (Session info: chrome-headless-shell=126.0.6478.62)
For documentation on this error, please visit: https://www.selenium.dev/documentation/webdriver/troubleshooting/errors#stale-element-reference-exception
Build info: version: '4.18.1', revision: 'b1d3319b48'
System info: os.name: 'Windows 10', os.arch: 'amd64', os.version: '10.0', java.version: '11.0.1'
Driver info: org.openqa.selenium.chrome.ChromeDriver
Command: [5d3d0761ba53ebe9bdf7f81335774bb8, isElementDisplayed {id=f.4FC21012C9C0848D1B6F03CE49E2E97B.d.66275210B2281FC14F5920EB50687E12.e.1}]
Capabilities {acceptInsecureCerts: false, browserName: chrome-headless-shell, browserVersion: 126.0.6478.62, chrome: {chromedriverVersion: 126.0.6478.61 (8dc092df54ce..., userDataDir: C:\Users\ISHITA~1\AppData\L...}, fedcm:accounts: true, goog:chromeOptions: {debuggerAddress: localhost:51346}, networkConnectionEnabled: false, pageLoadStrategy: normal, platformName: windows, proxy: Proxy(), se:cdp: ws://localhost:51346/devtoo..., se:cdpVersion: 126.0.6478.62, setWindowRect: true, strictFileInteractability: false, timeouts: {implicit: 0, pageLoad: 300000, script: 30000}, unhandledPromptBehavior: dismiss and notify, webauthn:extension:credBlob: true, webauthn:extension:largeBlob: true, webauthn:extension:minPinLength: true, webauthn:extension:prf: true, webauthn:virtualAuthenticators: true}
Element: [[ChromeDriver: chrome-headless-shell on windows (5d3d0761ba53ebe9bdf7f81335774bb8)] -> xpath: //a[@title='Become a Seller']//img[@alt='Become a Seller']]
Session ID: 5d3d0761ba53ebe9bdf7f81335774bb8]]>
            </message>
            <full-stacktrace>
              <![CDATA[org.openqa.selenium.StaleElementReferenceException: stale element reference: stale element not found in the current frame
  (Session info: chrome-headless-shell=126.0.6478.62)
For documentation on this error, please visit: https://www.selenium.dev/documentation/webdriver/troubleshooting/errors#stale-element-reference-exception
Build info: version: '4.18.1', revision: 'b1d3319b48'
System info: os.name: 'Windows 10', os.arch: 'amd64', os.version: '10.0', java.version: '11.0.1'
Driver info: org.openqa.selenium.chrome.ChromeDriver
Command: [5d3d0761ba53ebe9bdf7f81335774bb8, isElementDisplayed {id=f.4FC21012C9C0848D1B6F03CE49E2E97B.d.66275210B2281FC14F5920EB50687E12.e.1}]
Capabilities {acceptInsecureCerts: false, browserName: chrome-headless-shell, browserVersion: 126.0.6478.62, chrome: {chromedriverVersion: 126.0.6478.61 (8dc092df54ce..., userDataDir: C:\Users\ISHITA~1\AppData\L...}, fedcm:accounts: true, goog:chromeOptions: {debuggerAddress: localhost:51346}, networkConnectionEnabled: false, pageLoadStrategy: normal, platformName: windows, proxy: Proxy(), se:cdp: ws://localhost:51346/devtoo..., se:cdpVersion: 126.0.6478.62, setWindowRect: true, strictFileInteractability: false, timeouts: {implicit: 0, pageLoad: 300000, script: 30000}, unhandledPromptBehavior: dismiss and notify, webauthn:extension:credBlob: true, webauthn:extension:largeBlob: true, webauthn:extension:minPinLength: true, webauthn:extension:prf: true, webauthn:virtualAuthenticators: true}
Element: [[ChromeDriver: chrome-headless-shell on windows (5d3d0761ba53ebe9bdf7f81335774bb8)] -> xpath: //a[@title='Become a Seller']//img[@alt='Become a Seller']]
Session ID: 5d3d0761ba53ebe9bdf7f81335774bb8
at java.base/jdk.internal.reflect.NativeConstructorAccessorImpl.newInstance0(Native Method)
at java.base/jdk.internal.reflect.NativeConstructorAccessorImpl.newInstance(NativeConstructorAccessorImpl.java:62)
at java.base/jdk.internal.reflect.DelegatingConstructorAccessorImpl.newInstance(DelegatingConstructorAccessorImpl.java:45)
at java.base/java.lang.reflect.Constructor.newInstance(Constructor.java:490)
at org.openqa.selenium.remote.ErrorCodec.decode(ErrorCodec.java:167)
at org.openqa.selenium.remote.codec.w3c.W3CHttpResponseCodec.decode(W3CHttpResponseCodec.java:138)
at org.openqa.selenium.remote.codec.w3c.W3CHttpResponseCodec.decode(W3CHttpResponseCodec.java:50)
at org.openqa.selenium.remote.HttpCommandExecutor.execute(HttpCommandExecutor.java:190)
at org.openqa.selenium.remote.service.DriverCommandExecutor.invokeExecute(DriverCommandExecutor.java:216)
at org.openqa.selenium.remote.service.DriverCommandExecutor.execute(DriverCommandExecutor.java:174)
at org.openqa.selenium.remote.RemoteWebDriver.execute(RemoteWebDriver.java:519)
at org.openqa.selenium.remote.RemoteWebElement.execute(RemoteWebElement.java:223)
at org.openqa.selenium.remote.RemoteWebElement.isDisplayed(RemoteWebElement.java:282)
at jdk.internal.reflect.GeneratedMethodAccessor1.invoke(Unknown Source)
at java.base/jdk.internal.reflect.DelegatingMethodAccessorImpl.invoke(DelegatingMethodAccessorImpl.java:43)
at java.base/java.lang.reflect.Method.invoke(Method.java:566)
at org.openqa.selenium.support.pagefactory.internal.LocatingElementHandler.invoke(LocatingElementHandler.java:51)
at com.sun.proxy.$Proxy25.isDisplayed(Unknown Source)
at org.openqa.selenium.support.ui.ExpectedConditions.elementIfVisible(ExpectedConditions.java:304)
at org.openqa.selenium.support.ui.ExpectedConditions$10.apply(ExpectedConditions.java:290)
at org.openqa.selenium.support.ui.ExpectedConditions$10.apply(ExpectedConditions.java:287)
at org.openqa.selenium.support.ui.ExpectedConditions$23.apply(ExpectedConditions.java:656)
at org.openqa.selenium.support.ui.ExpectedConditions$23.apply(ExpectedConditions.java:652)
at org.openqa.selenium.support.ui.FluentWait.until(FluentWait.java:203)
at tests.BecomeASellerTest.seller(BecomeASellerTest.java:39)
at java.base/jdk.internal.reflect.NativeMethodAccessorImpl.invoke0(Native Method)
at java.base/jdk.internal.reflect.NativeMethodAccessorImpl.invoke(NativeMethodAccessorImpl.java:62)
at java.base/jdk.internal.reflect.DelegatingMethodAccessorImpl.invoke(DelegatingMethodAccessorImpl.java:43)
at java.base/java.lang.reflect.Method.invoke(Method.java:566)
at org.testng.internal.invokers.MethodInvocationHelper.invokeMethod(MethodInvocationHelper.java:141)
at org.testng.internal.invokers.TestInvoker.invokeMethod(TestInvoker.java:686)
at org.testng.internal.invokers.TestInvoker.invokeTestMethod(TestInvoker.java:230)
at org.testng.internal.invokers.MethodRunner.runInSequence(MethodRunner.java:63)
at org.testng.internal.invokers.TestInvoker$MethodInvocationAgent.invoke(TestInvoker.java:992)
at org.testng.internal.invokers.TestInvoker.invokeTestMethods(TestInvoker.java:203)
at org.testng.internal.invokers.TestMethodWorker.invokeTestMethods(TestMethodWorker.java:154)
at org.testng.internal.invokers.TestMethodWorker.run(TestMethodWorker.java:134)
at java.base/java.util.concurrent.Executors$RunnableAdapter.call(Executors.java:515)
at java.base/java.util.concurrent.FutureTask.run(FutureTask.java:264)
at org.testng.internal.thread.graph.TestNGFutureTask.run(TestNGFutureTask.java:22)
at java.base/java.util.concurrent.ThreadPoolExecutor.runWorker(ThreadPoolExecutor.java:1128)
at java.base/java.util.concurrent.ThreadPoolExecutor$Worker.run(ThreadPoolExecutor.java:628)
at java.base/java.lang.Thread.run(Thread.java:834)
]]>
            </full-stacktrace>
          </exception> <!-- org.openqa.selenium.StaleElementReferenceException -->
          <reporter-output>
          </reporter-output>
        </test-method> <!-- seller -->
        <test-method is-config="true" signature="teardown()[pri:0, instance:tests.BecomeASellerTest@5d05ef57]" started-at="2024-06-16T17:34:49 IST" name="teardown" finished-at="2024-06-16T17:34:51 IST" duration-ms="2372" status="PASS">
          <reporter-output>
          </reporter-output>
        </test-method> <!-- teardown -->
      </class> <!-- tests.BecomeASellerTest -->
      <class name="tests.CustomerServiceTest">
        <test-method signature="contact()[pri:0, instance:tests.CustomerServiceTest@383f3558]" started-at="2024-06-16T17:33:41 IST" name="contact" finished-at="2024-06-16T17:34:07 IST" duration-ms="25971" status="PASS">
          <reporter-output>
          </reporter-output>
        </test-method> <!-- contact -->
        <test-method is-config="true" signature="teardown()[pri:0, instance:tests.CustomerServiceTest@383f3558]" started-at="2024-06-16T17:34:07 IST" name="teardown" finished-at="2024-06-16T17:34:12 IST" duration-ms="5725" status="PASS">
          <reporter-output>
          </reporter-output>
        </test-method> <!-- teardown -->
      </class> <!-- tests.CustomerServiceTest -->
      <class name="tests.NewSiteShopsyTest">
        <test-method signature="shopsy()[pri:0, instance:tests.NewSiteShopsyTest@19f040ba]" started-at="2024-06-16T17:33:41 IST" name="shopsy" finished-at="2024-06-16T17:34:02 IST" duration-ms="21434" status="FAIL">
          <exception class="org.openqa.selenium.StaleElementReferenceException">
            <message>
              <![CDATA[stale element reference: stale element not found in the current frame
  (Session info: chrome-headless-shell=126.0.6478.62)
For documentation on this error, please visit: https://www.selenium.dev/documentation/webdriver/troubleshooting/errors#stale-element-reference-exception
Build info: version: '4.18.1', revision: 'b1d3319b48'
System info: os.name: 'Windows 10', os.arch: 'amd64', os.version: '10.0', java.version: '11.0.1'
Driver info: org.openqa.selenium.chrome.ChromeDriver
Command: [c97bef8500e2ac6a8289e86cd6a1a813, isElementDisplayed {id=f.CADE2F434CBCA95C8A5A2E6C79A9D262.d.7DA2A4030269EF85D396BCB7A4C94F14.e.15}]
Capabilities {acceptInsecureCerts: false, browserName: chrome-headless-shell, browserVersion: 126.0.6478.62, chrome: {chromedriverVersion: 126.0.6478.61 (8dc092df54ce..., userDataDir: C:\Users\ISHITA~1\AppData\L...}, fedcm:accounts: true, goog:chromeOptions: {debuggerAddress: localhost:50760}, networkConnectionEnabled: false, pageLoadStrategy: normal, platformName: windows, proxy: Proxy(), se:cdp: ws://localhost:50760/devtoo..., se:cdpVersion: 126.0.6478.62, setWindowRect: true, strictFileInteractability: false, timeouts: {implicit: 0, pageLoad: 300000, script: 30000}, unhandledPromptBehavior: dismiss and notify, webauthn:extension:credBlob: true, webauthn:extension:largeBlob: true, webauthn:extension:minPinLength: true, webauthn:extension:prf: true, webauthn:virtualAuthenticators: true}
Element: [[ChromeDriver: chrome-headless-shell on windows (c97bef8500e2ac6a8289e86cd6a1a813)] -> css selector: svg[xmlns='http://www.w3.org/2000/svg']]
Session ID: c97bef8500e2ac6a8289e86cd6a1a813]]>
            </message>
            <full-stacktrace>
              <![CDATA[org.openqa.selenium.StaleElementReferenceException: stale element reference: stale element not found in the current frame
  (Session info: chrome-headless-shell=126.0.6478.62)
For documentation on this error, please visit: https://www.selenium.dev/documentation/webdriver/troubleshooting/errors#stale-element-reference-exception
Build info: version: '4.18.1', revision: 'b1d3319b48'
System info: os.name: 'Windows 10', os.arch: 'amd64', os.version: '10.0', java.version: '11.0.1'
Driver info: org.openqa.selenium.chrome.ChromeDriver
Command: [c97bef8500e2ac6a8289e86cd6a1a813, isElementDisplayed {id=f.CADE2F434CBCA95C8A5A2E6C79A9D262.d.7DA2A4030269EF85D396BCB7A4C94F14.e.15}]
Capabilities {acceptInsecureCerts: false, browserName: chrome-headless-shell, browserVersion: 126.0.6478.62, chrome: {chromedriverVersion: 126.0.6478.61 (8dc092df54ce..., userDataDir: C:\Users\ISHITA~1\AppData\L...}, fedcm:accounts: true, goog:chromeOptions: {debuggerAddress: localhost:50760}, networkConnectionEnabled: false, pageLoadStrategy: normal, platformName: windows, proxy: Proxy(), se:cdp: ws://localhost:50760/devtoo..., se:cdpVersion: 126.0.6478.62, setWindowRect: true, strictFileInteractability: false, timeouts: {implicit: 0, pageLoad: 300000, script: 30000}, unhandledPromptBehavior: dismiss and notify, webauthn:extension:credBlob: true, webauthn:extension:largeBlob: true, webauthn:extension:minPinLength: true, webauthn:extension:prf: true, webauthn:virtualAuthenticators: true}
Element: [[ChromeDriver: chrome-headless-shell on windows (c97bef8500e2ac6a8289e86cd6a1a813)] -> css selector: svg[xmlns='http://www.w3.org/2000/svg']]
Session ID: c97bef8500e2ac6a8289e86cd6a1a813
at java.base/jdk.internal.reflect.NativeConstructorAccessorImpl.newInstance0(Native Method)
at java.base/jdk.internal.reflect.NativeConstructorAccessorImpl.newInstance(NativeConstructorAccessorImpl.java:62)
at java.base/jdk.internal.reflect.DelegatingConstructorAccessorImpl.newInstance(DelegatingConstructorAccessorImpl.java:45)
at java.base/java.lang.reflect.Constructor.newInstance(Constructor.java:490)
at org.openqa.selenium.remote.ErrorCodec.decode(ErrorCodec.java:167)
at org.openqa.selenium.remote.codec.w3c.W3CHttpResponseCodec.decode(W3CHttpResponseCodec.java:138)
at org.openqa.selenium.remote.codec.w3c.W3CHttpResponseCodec.decode(W3CHttpResponseCodec.java:50)
at org.openqa.selenium.remote.HttpCommandExecutor.execute(HttpCommandExecutor.java:190)
at org.openqa.selenium.remote.service.DriverCommandExecutor.invokeExecute(DriverCommandExecutor.java:216)
at org.openqa.selenium.remote.service.DriverCommandExecutor.execute(DriverCommandExecutor.java:174)
at org.openqa.selenium.remote.RemoteWebDriver.execute(RemoteWebDriver.java:519)
at org.openqa.selenium.remote.RemoteWebElement.execute(RemoteWebElement.java:223)
at org.openqa.selenium.remote.RemoteWebElement.isDisplayed(RemoteWebElement.java:282)
at java.base/jdk.internal.reflect.NativeMethodAccessorImpl.invoke0(Native Method)
at java.base/jdk.internal.reflect.NativeMethodAccessorImpl.invoke(NativeMethodAccessorImpl.java:62)
at java.base/jdk.internal.reflect.DelegatingMethodAccessorImpl.invoke(DelegatingMethodAccessorImpl.java:43)
at java.base/java.lang.reflect.Method.invoke(Method.java:566)
at org.openqa.selenium.support.pagefactory.internal.LocatingElementHandler.invoke(LocatingElementHandler.java:51)
at com.sun.proxy.$Proxy25.isDisplayed(Unknown Source)
at org.openqa.selenium.support.ui.ExpectedConditions.elementIfVisible(ExpectedConditions.java:304)
at org.openqa.selenium.support.ui.ExpectedConditions$10.apply(ExpectedConditions.java:290)
at org.openqa.selenium.support.ui.ExpectedConditions$10.apply(ExpectedConditions.java:287)
at org.openqa.selenium.support.ui.FluentWait.until(FluentWait.java:203)
at tests.NewSiteShopsyTest.shopsy(NewSiteShopsyTest.java:54)
at java.base/jdk.internal.reflect.NativeMethodAccessorImpl.invoke0(Native Method)
at java.base/jdk.internal.reflect.NativeMethodAccessorImpl.invoke(NativeMethodAccessorImpl.java:62)
at java.base/jdk.internal.reflect.DelegatingMethodAccessorImpl.invoke(DelegatingMethodAccessorImpl.java:43)
at java.base/java.lang.reflect.Method.invoke(Method.java:566)
at org.testng.internal.invokers.MethodInvocationHelper.invokeMethod(MethodInvocationHelper.java:141)
at org.testng.internal.invokers.TestInvoker.invokeMethod(TestInvoker.java:686)
at org.testng.internal.invokers.TestInvoker.invokeTestMethod(TestInvoker.java:230)
at org.testng.internal.invokers.MethodRunner.runInSequence(MethodRunner.java:63)
at org.testng.internal.invokers.TestInvoker$MethodInvocationAgent.invoke(TestInvoker.java:992)
at org.testng.internal.invokers.TestInvoker.invokeTestMethods(TestInvoker.java:203)
at org.testng.internal.invokers.TestMethodWorker.invokeTestMethods(TestMethodWorker.java:154)
at org.testng.internal.invokers.TestMethodWorker.run(TestMethodWorker.java:134)
at java.base/java.util.concurrent.Executors$RunnableAdapter.call(Executors.java:515)
at java.base/java.util.concurrent.FutureTask.run(FutureTask.java:264)
at org.testng.internal.thread.graph.TestNGFutureTask.run(TestNGFutureTask.java:22)
at java.base/java.util.concurrent.ThreadPoolExecutor.runWorker(ThreadPoolExecutor.java:1128)
at java.base/java.util.concurrent.ThreadPoolExecutor$Worker.run(ThreadPoolExecutor.java:628)
at java.base/java.lang.Thread.run(Thread.java:834)
]]>
            </full-stacktrace>
          </exception> <!-- org.openqa.selenium.StaleElementReferenceException -->
          <reporter-output>
          </reporter-output>
        </test-method> <!-- shopsy -->
        <test-method is-config="true" signature="teardown()[pri:0, instance:tests.NewSiteShopsyTest@19f040ba]" started-at="2024-06-16T17:34:04 IST" name="teardown" finished-at="2024-06-16T17:34:20 IST" duration-ms="15732" status="PASS">
          <reporter-output>
          </reporter-output>
        </test-method> <!-- teardown -->
      </class> <!-- tests.NewSiteShopsyTest -->
      <class name="tests.NotificationTest">
        <test-method signature="notification()[pri:0, instance:tests.NotificationTest@3d7cc3cb]" started-at="2024-06-16T17:34:11 IST" name="notification" finished-at="2024-06-16T17:34:28 IST" duration-ms="16871" status="PASS">
          <reporter-output>
          </reporter-output>
        </test-method> <!-- notification -->
        <test-method is-config="true" signature="teardown()[pri:0, instance:tests.NotificationTest@3d7cc3cb]" started-at="2024-06-16T17:34:28 IST" name="teardown" finished-at="2024-06-16T17:34:36 IST" duration-ms="8007" status="PASS">
          <reporter-output>
          </reporter-output>
        </test-method> <!-- teardown -->
      </class> <!-- tests.NotificationTest -->
      <class name="tests.NaviagteToCartTest">
        <test-method signature="NaviagteToCart()[pri:0, instance:tests.NaviagteToCartTest@41d7b27f]" started-at="2024-06-16T17:34:29 IST" name="NaviagteToCart" finished-at="2024-06-16T17:34:54 IST" duration-ms="24717" status="PASS">
          <reporter-output>
          </reporter-output>
        </test-method> <!-- NaviagteToCart -->
        <test-method is-config="true" signature="teardown()[pri:0, instance:tests.NaviagteToCartTest@41d7b27f]" started-at="2024-06-16T17:34:54 IST" name="teardown" finished-at="2024-06-16T17:35:25 IST" duration-ms="31031" status="PASS">
          <reporter-output>
          </reporter-output>
        </test-method> <!-- teardown -->
      </class> <!-- tests.NaviagteToCartTest -->
      <class name="tests.FlipkartStoriesTest">
        <test-method signature="stories()[pri:0, instance:tests.FlipkartStoriesTest@27e32fe4]" started-at="2024-06-16T17:33:41 IST" name="stories" finished-at="2024-06-16T17:34:10 IST" duration-ms="28995" status="PASS">
          <reporter-output>
          </reporter-output>
        </test-method> <!-- stories -->
        <test-method is-config="true" signature="teardown()[pri:0, instance:tests.FlipkartStoriesTest@27e32fe4]" started-at="2024-06-16T17:34:10 IST" name="teardown" finished-at="2024-06-16T17:34:11 IST" duration-ms="1447" status="PASS">
          <reporter-output>
          </reporter-output>
        </test-method> <!-- teardown -->
      </class> <!-- tests.FlipkartStoriesTest -->
      <class name="tests.CartTest">
        <test-method signature="AddToCart()[pri:0, instance:tests.CartTest@5a9800f8]" started-at="2024-06-16T17:35:02 IST" name="AddToCart" finished-at="2024-06-16T17:38:34 IST" duration-ms="211723" status="PASS">
          <reporter-output>
          </reporter-output>
        </test-method> <!-- AddToCart -->
        <test-method is-config="true" signature="teardown()[pri:0, instance:tests.CartTest@5a9800f8]" started-at="2024-06-16T17:38:34 IST" name="teardown" finished-at="2024-06-16T17:38:34 IST" duration-ms="2" status="PASS">
          <reporter-output>
          </reporter-output>
        </test-method> <!-- teardown -->
      </class> <!-- tests.CartTest -->
      <class name="tests.PincodeTest">
        <test-method signature="pincode()[pri:0, instance:tests.PincodeTest@72ab05ed]" started-at="2024-06-16T17:33:41 IST" name="pincode" finished-at="2024-06-16T17:34:29 IST" duration-ms="48389" status="PASS">
          <reporter-output>
          </reporter-output>
        </test-method> <!-- pincode -->
        <test-method is-config="true" signature="teardown()[pri:0, instance:tests.PincodeTest@72ab05ed]" started-at="2024-06-16T17:34:29 IST" name="teardown" finished-at="2024-06-16T17:34:29 IST" duration-ms="1" status="PASS">
          <reporter-output>
          </reporter-output>
        </test-method> <!-- teardown -->
      </class> <!-- tests.PincodeTest -->
      <class name="tests.AboutTest">
        <test-method signature="About()[pri:0, instance:tests.AboutTest@17d238b1]" started-at="2024-06-16T17:34:11 IST" name="About" finished-at="2024-06-16T17:34:26 IST" duration-ms="15481" status="PASS">
          <reporter-output>
          </reporter-output>
        </test-method> <!-- About -->
        <test-method is-config="true" signature="teardown()[pri:0, instance:tests.AboutTest@17d238b1]" started-at="2024-06-16T17:34:26 IST" name="teardown" finished-at="2024-06-16T17:34:34 IST" duration-ms="7750" status="PASS">
          <reporter-output>
          </reporter-output>
        </test-method> <!-- teardown -->
      </class> <!-- tests.AboutTest -->
      <class name="tests.TravelTest">
        <test-method signature="travel()[pri:0, instance:tests.TravelTest@6b7d1df8]" started-at="2024-06-16T17:34:12 IST" name="travel" finished-at="2024-06-16T17:34:44 IST" duration-ms="32017" status="PASS">
          <reporter-output>
          </reporter-output>
        </test-method> <!-- travel -->
        <test-method is-config="true" signature="teardown()[pri:0, instance:tests.TravelTest@6b7d1df8]" started-at="2024-06-16T17:34:44 IST" name="teardown" finished-at="2024-06-16T17:35:02 IST" duration-ms="18068" status="PASS">
          <reporter-output>
          </reporter-output>
        </test-method> <!-- teardown -->
      </class> <!-- tests.TravelTest -->
      <class name="tests.GroceryTest">
        <test-method signature="grocery()[pri:0, instance:tests.GroceryTest@c3c4c1c]" started-at="2024-06-16T17:33:41 IST" name="grocery" finished-at="2024-06-16T17:34:09 IST" duration-ms="28685" status="PASS">
          <reporter-output>
          </reporter-output>
        </test-method> <!-- grocery -->
        <test-method is-config="true" signature="teardown()[pri:0, instance:tests.GroceryTest@c3c4c1c]" started-at="2024-06-16T17:34:09 IST" name="teardown" finished-at="2024-06-16T17:34:11 IST" duration-ms="1187" status="PASS">
          <reporter-output>
          </reporter-output>
        </test-method> <!-- teardown -->
      </class> <!-- tests.GroceryTest -->
    </test> <!-- Test -->
  </suite> <!-- Suite -->
</testng-results>
