<?xml version="1.0" encoding="UTF-8"?>
<testng-results ignored="0" total="1" passed="1" failed="0" skipped="0">
  <reporter-output>
  </reporter-output>
  <suite started-at="2024-06-13T23:57:56 IST" name="Default suite" finished-at="2024-06-13T23:58:02 IST" duration-ms="6504">
    <groups>
    </groups>
    <test started-at="2024-06-13T23:57:56 IST" name="Default test" finished-at="2024-06-13T23:58:02 IST" duration-ms="6504">
      <class name="tests.TravelTest">
        <test-method signature="travel()[pri:0, instance:tests.TravelTest@5a4bef8]" started-at="2024-06-13T23:57:56 IST" name="travel" finished-at="2024-06-13T23:58:02 IST" duration-ms="6061" status="PASS">
          <reporter-output>
          </reporter-output>
        </test-method> <!-- travel -->
        <test-method is-config="true" signature="teardown()[pri:0, instance:tests.TravelTest@5a4bef8]" started-at="2024-06-13T23:58:02 IST" name="teardown" finished-at="2024-06-13T23:58:02 IST" duration-ms="385" status="PASS">
          <reporter-output>
          </reporter-output>
        </test-method> <!-- teardown -->
      </class> <!-- tests.TravelTest -->
    </test> <!-- Default test -->
  </suite> <!-- Default suite -->
</testng-results>
